This file contains any messages produced by compilers while
running configure, to aid debugging if configure makes a mistake.

It was created by yang_mills configure 0.7.3, which was
generated by GNU Autoconf 2.69.  Invocation command line was

  $ ./configure N_c=3 ST_dim=4 Num_levels=1 Num_threads=32 CC=icc CFLAGS=-O3 -axCORE-AVX512 -mtune=icelake -ip -ipo LIBS=-ldl -lz -lc --enable-use-openmp

## --------- ##
## Platform. ##
## --------- ##

hostname = login02.leonardo.local
uname -m = x86_64
uname -r = 4.18.0-372.32.1.el8_6.x86_64
uname -s = Linux
uname -v = #1 SMP Fri Oct 7 12:35:10 EDT 2022

/usr/bin/uname -p = x86_64
/bin/uname -X     = unknown

/bin/arch              = x86_64
/usr/bin/arch -k       = unknown
/usr/convex/getsysinfo = unknown
/usr/bin/hostinfo      = unknown
/bin/machine           = unknown
/usr/bin/oslevel       = unknown
/bin/universe          = unknown

PATH: /leonardo/prod/spack/03/install/0.19/linux-rhel8-icelake/gcc-8.5.0/intel-oneapi-compilers-2023.0.0-ad24mh4soaclwr7gkzad65dglmi5ideg/compiler/2023.0.0/linux/lib/oclfpga/bin
PATH: /leonardo/prod/spack/03/install/0.19/linux-rhel8-icelake/gcc-8.5.0/intel-oneapi-compilers-2023.0.0-ad24mh4soaclwr7gkzad65dglmi5ideg/compiler/2023.0.0/linux/bin/intel64
PATH: /leonardo/prod/spack/03/install/0.19/linux-rhel8-icelake/gcc-8.5.0/intel-oneapi-compilers-2023.0.0-ad24mh4soaclwr7gkzad65dglmi5ideg/compiler/2023.0.0/linux/bin
PATH: /leonardo/home/userexternal/agiorgie/.local/bin
PATH: /leonardo/home/userexternal/agiorgie/bin
PATH: /cineca/bin
PATH: /leonardo/prod/spack/03/install/0.19/linux-rhel8-icelake/gcc-8.5.0/environment-modules-5.2.0-rz47odw4phlhzhhbz7b65nv5s5othgmi/bin
PATH: /usr/local/bin
PATH: /usr/bin
PATH: /usr/local/sbin
PATH: /usr/sbin


## ----------- ##
## Core tests. ##
## ----------- ##

configure:2196: checking for a BSD-compatible install
configure:2264: result: /usr/bin/install -c
configure:2275: checking whether build environment is sane
configure:2330: result: yes
configure:2481: checking for a thread-safe mkdir -p
configure:2520: result: /usr/bin/mkdir -p
configure:2527: checking for gawk
configure:2543: found /usr/bin/gawk
configure:2554: result: gawk
configure:2565: checking whether make sets $(MAKE)
configure:2587: result: yes
configure:2616: checking whether make supports nested variables
configure:2633: result: yes
configure:2782: checking for gawk
configure:2809: result: gawk
configure:2868: checking for gcc
configure:2895: result: icc
configure:3124: checking for C compiler version
configure:3133: icc --version >&5
icc (ICC) 2021.8.0 20221119
Copyright (C) 1985-2022 Intel Corporation.  All rights reserved.

icc: remark #10441: The Intel(R) C++ Compiler Classic (ICC) is deprecated and will be removed from product release in the second half of 2023. The Intel(R) oneAPI DPC++/C++ Compiler (ICX) is the recommended compiler moving forward. Please transition to use this compiler. Use '-diag-disable=10441' to disable this message.
configure:3144: $? = 0
configure:3133: icc -v >&5
icc: remark #10441: The Intel(R) C++ Compiler Classic (ICC) is deprecated and will be removed from product release in the second half of 2023. The Intel(R) oneAPI DPC++/C++ Compiler (ICX) is the recommended compiler moving forward. Please transition to use this compiler. Use '-diag-disable=10441' to disable this message.
icc version 2021.8.0 (gcc version 8.5.0 compatibility)
ld    /usr/lib/gcc/x86_64-redhat-linux/8/../../../../lib64/crt1.o /usr/lib/gcc/x86_64-redhat-linux/8/../../../../lib64/crti.o /usr/lib/gcc/x86_64-redhat-linux/8/crtbegin.o --eh-frame-hdr --build-id -dynamic-linker /lib64/ld-linux-x86-64.so.2 -m elf_x86_64 -o a.out -L/leonardo/prod/spack/03/install/0.19/linux-rhel8-icelake/gcc-8.5.0/intel-oneapi-compilers-2023.0.0-ad24mh4soaclwr7gkzad65dglmi5ideg/compiler/2023.0.0/linux/compiler/lib/intel64_lin -L/leonardo/prod/spack/03/install/0.19/linux-rhel8-icelake/gcc-8.5.0/intel-oneapi-compilers-2023.0.0-ad24mh4soaclwr7gkzad65dglmi5ideg/compiler/2023.0.0/linux/lib -L/leonardo/prod/spack/03/install/0.19/linux-rhel8-icelake/gcc-8.5.0/intel-oneapi-compilers-2023.0.0-ad24mh4soaclwr7gkzad65dglmi5ideg/lib -L/leonardo/prod/spack/03/install/0.19/linux-rhel8-icelake/gcc-8.5.0/intel-oneapi-compilers-2023.0.0-ad24mh4soaclwr7gkzad65dglmi5ideg/compiler/2023.0.0/linux/bin/intel64/../../compiler/lib/intel64_lin -L/usr/lib/gcc/x86_64-redhat-linux/8/ -L/usr/lib/gcc/x86_64-redhat-linux/8/../../../../lib64 -L/usr/lib/gcc/x86_64-redhat-linux/8/../../../../lib64/ -L/lib/../lib64 -L/lib/../lib64/ -L/usr/lib/../lib64 -L/usr/lib/../lib64/ -L/leonardo/prod/spack/03/install/0.19/linux-rhel8-icelake/gcc-8.5.0/intel-oneapi-compilers-2023.0.0-ad24mh4soaclwr7gkzad65dglmi5ideg/compiler/2023.0.0/linux/compiler/lib/intel64_lin/ -L/leonardo/prod/spack/03/install/0.19/linux-rhel8-icelake/gcc-8.5.0/intel-oneapi-compilers-2023.0.0-ad24mh4soaclwr7gkzad65dglmi5ideg/compiler/2023.0.0/linux/lib/ -L/leonardo/prod/spack/03/install/0.19/linux-rhel8-icelake/gcc-8.5.0/intel-oneapi-compilers-2023.0.0-ad24mh4soaclwr7gkzad65dglmi5ideg/lib/ -L/usr/lib/gcc/x86_64-redhat-linux/8/../../../ -L/lib64 -L/lib/ -L/usr/lib64 -L/usr/lib -rpath /leonardo/prod/spack/03/install/0.19/linux-rhel8-icelake/gcc-8.5.0/intel-oneapi-compilers-2023.0.0-ad24mh4soaclwr7gkzad65dglmi5ideg/compiler/2023.0.0/linux/lib -rpath /leonardo/prod/spack/03/install/0.19/linux-rhel8-icelake/gcc-8.5.0/intel-oneapi-compilers-2023.0.0-ad24mh4soaclwr7gkzad65dglmi5ideg/compiler/2023.0.0/linux/lib/x64 -rpath /leonardo/prod/spack/03/install/0.19/linux-rhel8-icelake/gcc-8.5.0/intel-oneapi-compilers-2023.0.0-ad24mh4soaclwr7gkzad65dglmi5ideg/compiler/2023.0.0/linux/lib/oclfpga/host/linux64/lib -rpath /leonardo/prod/spack/03/install/0.19/linux-rhel8-icelake/gcc-8.5.0/intel-oneapi-compilers-2023.0.0-ad24mh4soaclwr7gkzad65dglmi5ideg/compiler/2023.0.0/linux/lib/oclfpga/linux64/lib -rpath /leonardo/prod/spack/03/install/0.19/linux-rhel8-icelake/gcc-8.5.0/intel-oneapi-compilers-2023.0.0-ad24mh4soaclwr7gkzad65dglmi5ideg/compiler/2023.0.0/linux/compiler/lib/intel64_lin -Bdynamic -Bstatic -limf -lsvml -lirng -Bdynamic -lm -Bstatic -lipgo -ldecimal --as-needed -Bdynamic -lcilkrts -lstdc++ --no-as-needed -lgcc -lgcc_s -Bstatic -lirc -lsvml -Bdynamic -lc -lgcc -lgcc_s -Bstatic -lirc_s -Bdynamic -ldl -lc /usr/lib/gcc/x86_64-redhat-linux/8/crtend.o /usr/lib/gcc/x86_64-redhat-linux/8/../../../../lib64/crtn.o
/usr/lib/gcc/x86_64-redhat-linux/8/../../../../lib64/crt1.o: In function `_start':
(.text+0x24): undefined reference to `main'
configure:3144: $? = 1
configure:3133: icc -V >&5
GNU ld version 2.30-113.el8
Intel(R) C Intel(R) 64 Compiler Classic for applications running on Intel(R) 64, Version 2021.8.0 Build 20221119_000000
Copyright (C) 1985-2022 Intel Corporation.  All rights reserved.

icc: remark #10441: The Intel(R) C++ Compiler Classic (ICC) is deprecated and will be removed from product release in the second half of 2023. The Intel(R) oneAPI DPC++/C++ Compiler (ICX) is the recommended compiler moving forward. Please transition to use this compiler. Use '-diag-disable=10441' to disable this message.
/usr/lib/gcc/x86_64-redhat-linux/8/../../../../lib64/crt1.o: In function `_start':
(.text+0x24): undefined reference to `main'
configure:3144: $? = 1
configure:3133: icc -qversion >&5
icc: remark #10441: The Intel(R) C++ Compiler Classic (ICC) is deprecated and will be removed from product release in the second half of 2023. The Intel(R) oneAPI DPC++/C++ Compiler (ICX) is the recommended compiler moving forward. Please transition to use this compiler. Use '-diag-disable=10441' to disable this message.
icc: command line warning #10006: ignoring unknown option '-qversion'
/usr/lib/gcc/x86_64-redhat-linux/8/../../../../lib64/crt1.o: In function `_start':
(.text+0x24): undefined reference to `main'
configure:3144: $? = 1
configure:3164: checking whether the C compiler works
configure:3186: icc -O3 -axCORE-AVX512 -mtune=icelake -ip -ipo   conftest.c -ldl -lz -lc >&5
icc: remark #10441: The Intel(R) C++ Compiler Classic (ICC) is deprecated and will be removed from product release in the second half of 2023. The Intel(R) oneAPI DPC++/C++ Compiler (ICX) is the recommended compiler moving forward. Please transition to use this compiler. Use '-diag-disable=10441' to disable this message.
icc: command line remark #10411: argument 'icelake' for option '-mtune' is deprecated and will be removed in a future release
configure:3190: $? = 0
configure:3238: result: yes
configure:3241: checking for C compiler default output file name
configure:3243: result: a.out
configure:3249: checking for suffix of executables
configure:3256: icc -o conftest -O3 -axCORE-AVX512 -mtune=icelake -ip -ipo   conftest.c -ldl -lz -lc >&5
icc: remark #10441: The Intel(R) C++ Compiler Classic (ICC) is deprecated and will be removed from product release in the second half of 2023. The Intel(R) oneAPI DPC++/C++ Compiler (ICX) is the recommended compiler moving forward. Please transition to use this compiler. Use '-diag-disable=10441' to disable this message.
icc: command line remark #10411: argument 'icelake' for option '-mtune' is deprecated and will be removed in a future release
configure:3260: $? = 0
configure:3282: result: 
configure:3304: checking whether we are cross compiling
configure:3312: icc -o conftest -O3 -axCORE-AVX512 -mtune=icelake -ip -ipo   conftest.c -ldl -lz -lc >&5
icc: remark #10441: The Intel(R) C++ Compiler Classic (ICC) is deprecated and will be removed from product release in the second half of 2023. The Intel(R) oneAPI DPC++/C++ Compiler (ICX) is the recommended compiler moving forward. Please transition to use this compiler. Use '-diag-disable=10441' to disable this message.
icc: command line remark #10411: argument 'icelake' for option '-mtune' is deprecated and will be removed in a future release
configure:3316: $? = 0
configure:3323: ./conftest
configure:3327: $? = 0
configure:3342: result: no
configure:3347: checking for suffix of object files
configure:3369: icc -c -O3 -axCORE-AVX512 -mtune=icelake -ip -ipo  conftest.c >&5
icc: remark #10441: The Intel(R) C++ Compiler Classic (ICC) is deprecated and will be removed from product release in the second half of 2023. The Intel(R) oneAPI DPC++/C++ Compiler (ICX) is the recommended compiler moving forward. Please transition to use this compiler. Use '-diag-disable=10441' to disable this message.
icc: command line remark #10411: argument 'icelake' for option '-mtune' is deprecated and will be removed in a future release
configure:3373: $? = 0
configure:3394: result: o
configure:3398: checking whether we are using the GNU C compiler
configure:3417: icc -c -O3 -axCORE-AVX512 -mtune=icelake -ip -ipo  conftest.c >&5
icc: remark #10441: The Intel(R) C++ Compiler Classic (ICC) is deprecated and will be removed from product release in the second half of 2023. The Intel(R) oneAPI DPC++/C++ Compiler (ICX) is the recommended compiler moving forward. Please transition to use this compiler. Use '-diag-disable=10441' to disable this message.
icc: command line remark #10411: argument 'icelake' for option '-mtune' is deprecated and will be removed in a future release
configure:3417: $? = 0
configure:3426: result: yes
configure:3435: checking whether icc accepts -g
configure:3455: icc -c -g  conftest.c >&5
icc: remark #10441: The Intel(R) C++ Compiler Classic (ICC) is deprecated and will be removed from product release in the second half of 2023. The Intel(R) oneAPI DPC++/C++ Compiler (ICX) is the recommended compiler moving forward. Please transition to use this compiler. Use '-diag-disable=10441' to disable this message.
configure:3455: $? = 0
configure: failed program was:
| /* confdefs.h */
| #define PACKAGE_NAME "yang_mills"
| #define PACKAGE_TARNAME "yang_mills"
| #define PACKAGE_VERSION "0.7.3"
| #define PACKAGE_STRING "yang_mills 0.7.3"
| #define PACKAGE_BUGREPORT "claudio.bonati82@gmail.com"
| #define PACKAGE_URL ""
| #define PACKAGE "yang_mills"
| #define VERSION "0.7.3"
| /* end confdefs.h.  */
| 
| int
| main ()
| {
| 
|   ;
|   return 0;
| }
configure:3470: icc -c   conftest.c >&5
icc: remark #10441: The Intel(R) C++ Compiler Classic (ICC) is deprecated and will be removed from product release in the second half of 2023. The Intel(R) oneAPI DPC++/C++ Compiler (ICX) is the recommended compiler moving forward. Please transition to use this compiler. Use '-diag-disable=10441' to disable this message.
configure:3470: $? = 0
configure: failed program was:
| /* confdefs.h */
| #define PACKAGE_NAME "yang_mills"
| #define PACKAGE_TARNAME "yang_mills"
| #define PACKAGE_VERSION "0.7.3"
| #define PACKAGE_STRING "yang_mills 0.7.3"
| #define PACKAGE_BUGREPORT "claudio.bonati82@gmail.com"
| #define PACKAGE_URL ""
| #define PACKAGE "yang_mills"
| #define VERSION "0.7.3"
| /* end confdefs.h.  */
| 
| int
| main ()
| {
| 
|   ;
|   return 0;
| }
configure:3486: icc -c -g  conftest.c >&5
icc: remark #10441: The Intel(R) C++ Compiler Classic (ICC) is deprecated and will be removed from product release in the second half of 2023. The Intel(R) oneAPI DPC++/C++ Compiler (ICX) is the recommended compiler moving forward. Please transition to use this compiler. Use '-diag-disable=10441' to disable this message.
configure:3486: $? = 0
configure:3496: result: yes
configure:3513: checking for icc option to accept ISO C89
configure:3576: icc  -c -O3 -axCORE-AVX512 -mtune=icelake -ip -ipo  conftest.c >&5
icc: remark #10441: The Intel(R) C++ Compiler Classic (ICC) is deprecated and will be removed from product release in the second half of 2023. The Intel(R) oneAPI DPC++/C++ Compiler (ICX) is the recommended compiler moving forward. Please transition to use this compiler. Use '-diag-disable=10441' to disable this message.
icc: command line remark #10411: argument 'icelake' for option '-mtune' is deprecated and will be removed in a future release
configure:3576: $? = 0
configure:3589: result: none needed
configure:3614: checking whether icc understands -c and -o together
configure:3636: icc -c conftest.c -o conftest2.o
icc: remark #10441: The Intel(R) C++ Compiler Classic (ICC) is deprecated and will be removed from product release in the second half of 2023. The Intel(R) oneAPI DPC++/C++ Compiler (ICX) is the recommended compiler moving forward. Please transition to use this compiler. Use '-diag-disable=10441' to disable this message.
configure:3639: $? = 0
configure:3636: icc -c conftest.c -o conftest2.o
icc: remark #10441: The Intel(R) C++ Compiler Classic (ICC) is deprecated and will be removed from product release in the second half of 2023. The Intel(R) oneAPI DPC++/C++ Compiler (ICX) is the recommended compiler moving forward. Please transition to use this compiler. Use '-diag-disable=10441' to disable this message.
configure:3639: $? = 0
configure:3651: result: yes
configure:3671: checking whether make supports the include directive
configure:3686: make -f confmf.GNU && cat confinc.out
this is the am__doit target
configure:3689: $? = 0
configure:3708: result: yes (GNU style)
configure:3733: checking dependency style of icc
configure:3844: result: gcc3
configure:3868: checking how to run the C preprocessor
configure:3899: icc -E  conftest.c
icc: remark #10441: The Intel(R) C++ Compiler Classic (ICC) is deprecated and will be removed from product release in the second half of 2023. The Intel(R) oneAPI DPC++/C++ Compiler (ICX) is the recommended compiler moving forward. Please transition to use this compiler. Use '-diag-disable=10441' to disable this message.
configure:3899: $? = 0
configure:3913: icc -E  conftest.c
icc: remark #10441: The Intel(R) C++ Compiler Classic (ICC) is deprecated and will be removed from product release in the second half of 2023. The Intel(R) oneAPI DPC++/C++ Compiler (ICX) is the recommended compiler moving forward. Please transition to use this compiler. Use '-diag-disable=10441' to disable this message.
conftest.c(11): error #2379: cannot open source file "ac_nonexistent.h"
  #include <ac_nonexistent.h>
                             ^

configure:3913: $? = 2
configure: failed program was:
| /* confdefs.h */
| #define PACKAGE_NAME "yang_mills"
| #define PACKAGE_TARNAME "yang_mills"
| #define PACKAGE_VERSION "0.7.3"
| #define PACKAGE_STRING "yang_mills 0.7.3"
| #define PACKAGE_BUGREPORT "claudio.bonati82@gmail.com"
| #define PACKAGE_URL ""
| #define PACKAGE "yang_mills"
| #define VERSION "0.7.3"
| /* end confdefs.h.  */
| #include <ac_nonexistent.h>
configure:3938: result: icc -E
configure:3958: icc -E  conftest.c
icc: remark #10441: The Intel(R) C++ Compiler Classic (ICC) is deprecated and will be removed from product release in the second half of 2023. The Intel(R) oneAPI DPC++/C++ Compiler (ICX) is the recommended compiler moving forward. Please transition to use this compiler. Use '-diag-disable=10441' to disable this message.
configure:3958: $? = 0
configure:3972: icc -E  conftest.c
icc: remark #10441: The Intel(R) C++ Compiler Classic (ICC) is deprecated and will be removed from product release in the second half of 2023. The Intel(R) oneAPI DPC++/C++ Compiler (ICX) is the recommended compiler moving forward. Please transition to use this compiler. Use '-diag-disable=10441' to disable this message.
conftest.c(11): error #2379: cannot open source file "ac_nonexistent.h"
  #include <ac_nonexistent.h>
                             ^

configure:3972: $? = 2
configure: failed program was:
| /* confdefs.h */
| #define PACKAGE_NAME "yang_mills"
| #define PACKAGE_TARNAME "yang_mills"
| #define PACKAGE_VERSION "0.7.3"
| #define PACKAGE_STRING "yang_mills 0.7.3"
| #define PACKAGE_BUGREPORT "claudio.bonati82@gmail.com"
| #define PACKAGE_URL ""
| #define PACKAGE "yang_mills"
| #define VERSION "0.7.3"
| /* end confdefs.h.  */
| #include <ac_nonexistent.h>
configure:4001: checking for grep that handles long lines and -e
configure:4059: result: /usr/bin/grep
configure:4064: checking for egrep
configure:4126: result: /usr/bin/grep -E
configure:4131: checking for ANSI C header files
configure:4151: icc -c -O3 -axCORE-AVX512 -mtune=icelake -ip -ipo  conftest.c >&5
icc: remark #10441: The Intel(R) C++ Compiler Classic (ICC) is deprecated and will be removed from product release in the second half of 2023. The Intel(R) oneAPI DPC++/C++ Compiler (ICX) is the recommended compiler moving forward. Please transition to use this compiler. Use '-diag-disable=10441' to disable this message.
icc: command line remark #10411: argument 'icelake' for option '-mtune' is deprecated and will be removed in a future release
configure:4151: $? = 0
icc: remark #10441: The Intel(R) C++ Compiler Classic (ICC) is deprecated and will be removed from product release in the second half of 2023. The Intel(R) oneAPI DPC++/C++ Compiler (ICX) is the recommended compiler moving forward. Please transition to use this compiler. Use '-diag-disable=10441' to disable this message.
icc: remark #10441: The Intel(R) C++ Compiler Classic (ICC) is deprecated and will be removed from product release in the second half of 2023. The Intel(R) oneAPI DPC++/C++ Compiler (ICX) is the recommended compiler moving forward. Please transition to use this compiler. Use '-diag-disable=10441' to disable this message.
configure:4224: icc -o conftest -O3 -axCORE-AVX512 -mtune=icelake -ip -ipo   conftest.c -ldl -lz -lc >&5
icc: remark #10441: The Intel(R) C++ Compiler Classic (ICC) is deprecated and will be removed from product release in the second half of 2023. The Intel(R) oneAPI DPC++/C++ Compiler (ICX) is the recommended compiler moving forward. Please transition to use this compiler. Use '-diag-disable=10441' to disable this message.
icc: command line remark #10411: argument 'icelake' for option '-mtune' is deprecated and will be removed in a future release
configure:4224: $? = 0
configure:4224: ./conftest
configure:4224: $? = 0
configure:4235: result: yes
configure:4248: checking for sys/types.h
configure:4248: icc -c -O3 -axCORE-AVX512 -mtune=icelake -ip -ipo  conftest.c >&5
icc: remark #10441: The Intel(R) C++ Compiler Classic (ICC) is deprecated and will be removed from product release in the second half of 2023. The Intel(R) oneAPI DPC++/C++ Compiler (ICX) is the recommended compiler moving forward. Please transition to use this compiler. Use '-diag-disable=10441' to disable this message.
icc: command line remark #10411: argument 'icelake' for option '-mtune' is deprecated and will be removed in a future release
configure:4248: $? = 0
configure:4248: result: yes
configure:4248: checking for sys/stat.h
configure:4248: icc -c -O3 -axCORE-AVX512 -mtune=icelake -ip -ipo  conftest.c >&5
icc: remark #10441: The Intel(R) C++ Compiler Classic (ICC) is deprecated and will be removed from product release in the second half of 2023. The Intel(R) oneAPI DPC++/C++ Compiler (ICX) is the recommended compiler moving forward. Please transition to use this compiler. Use '-diag-disable=10441' to disable this message.
icc: command line remark #10411: argument 'icelake' for option '-mtune' is deprecated and will be removed in a future release
configure:4248: $? = 0
configure:4248: result: yes
configure:4248: checking for stdlib.h
configure:4248: icc -c -O3 -axCORE-AVX512 -mtune=icelake -ip -ipo  conftest.c >&5
icc: remark #10441: The Intel(R) C++ Compiler Classic (ICC) is deprecated and will be removed from product release in the second half of 2023. The Intel(R) oneAPI DPC++/C++ Compiler (ICX) is the recommended compiler moving forward. Please transition to use this compiler. Use '-diag-disable=10441' to disable this message.
icc: command line remark #10411: argument 'icelake' for option '-mtune' is deprecated and will be removed in a future release
configure:4248: $? = 0
configure:4248: result: yes
configure:4248: checking for string.h
configure:4248: icc -c -O3 -axCORE-AVX512 -mtune=icelake -ip -ipo  conftest.c >&5
icc: remark #10441: The Intel(R) C++ Compiler Classic (ICC) is deprecated and will be removed from product release in the second half of 2023. The Intel(R) oneAPI DPC++/C++ Compiler (ICX) is the recommended compiler moving forward. Please transition to use this compiler. Use '-diag-disable=10441' to disable this message.
icc: command line remark #10411: argument 'icelake' for option '-mtune' is deprecated and will be removed in a future release
configure:4248: $? = 0
configure:4248: result: yes
configure:4248: checking for memory.h
configure:4248: icc -c -O3 -axCORE-AVX512 -mtune=icelake -ip -ipo  conftest.c >&5
icc: remark #10441: The Intel(R) C++ Compiler Classic (ICC) is deprecated and will be removed from product release in the second half of 2023. The Intel(R) oneAPI DPC++/C++ Compiler (ICX) is the recommended compiler moving forward. Please transition to use this compiler. Use '-diag-disable=10441' to disable this message.
icc: command line remark #10411: argument 'icelake' for option '-mtune' is deprecated and will be removed in a future release
configure:4248: $? = 0
configure:4248: result: yes
configure:4248: checking for strings.h
configure:4248: icc -c -O3 -axCORE-AVX512 -mtune=icelake -ip -ipo  conftest.c >&5
icc: remark #10441: The Intel(R) C++ Compiler Classic (ICC) is deprecated and will be removed from product release in the second half of 2023. The Intel(R) oneAPI DPC++/C++ Compiler (ICX) is the recommended compiler moving forward. Please transition to use this compiler. Use '-diag-disable=10441' to disable this message.
icc: command line remark #10411: argument 'icelake' for option '-mtune' is deprecated and will be removed in a future release
configure:4248: $? = 0
configure:4248: result: yes
configure:4248: checking for inttypes.h
configure:4248: icc -c -O3 -axCORE-AVX512 -mtune=icelake -ip -ipo  conftest.c >&5
icc: remark #10441: The Intel(R) C++ Compiler Classic (ICC) is deprecated and will be removed from product release in the second half of 2023. The Intel(R) oneAPI DPC++/C++ Compiler (ICX) is the recommended compiler moving forward. Please transition to use this compiler. Use '-diag-disable=10441' to disable this message.
icc: command line remark #10411: argument 'icelake' for option '-mtune' is deprecated and will be removed in a future release
configure:4248: $? = 0
configure:4248: result: yes
configure:4248: checking for stdint.h
configure:4248: icc -c -O3 -axCORE-AVX512 -mtune=icelake -ip -ipo  conftest.c >&5
icc: remark #10441: The Intel(R) C++ Compiler Classic (ICC) is deprecated and will be removed from product release in the second half of 2023. The Intel(R) oneAPI DPC++/C++ Compiler (ICX) is the recommended compiler moving forward. Please transition to use this compiler. Use '-diag-disable=10441' to disable this message.
icc: command line remark #10411: argument 'icelake' for option '-mtune' is deprecated and will be removed in a future release
configure:4248: $? = 0
configure:4248: result: yes
configure:4248: checking for unistd.h
configure:4248: icc -c -O3 -axCORE-AVX512 -mtune=icelake -ip -ipo  conftest.c >&5
icc: remark #10441: The Intel(R) C++ Compiler Classic (ICC) is deprecated and will be removed from product release in the second half of 2023. The Intel(R) oneAPI DPC++/C++ Compiler (ICX) is the recommended compiler moving forward. Please transition to use this compiler. Use '-diag-disable=10441' to disable this message.
icc: command line remark #10411: argument 'icelake' for option '-mtune' is deprecated and will be removed in a future release
configure:4248: $? = 0
configure:4248: result: yes
configure:4262: checking complex.h usability
configure:4262: icc -c -O3 -axCORE-AVX512 -mtune=icelake -ip -ipo  conftest.c >&5
icc: remark #10441: The Intel(R) C++ Compiler Classic (ICC) is deprecated and will be removed from product release in the second half of 2023. The Intel(R) oneAPI DPC++/C++ Compiler (ICX) is the recommended compiler moving forward. Please transition to use this compiler. Use '-diag-disable=10441' to disable this message.
icc: command line remark #10411: argument 'icelake' for option '-mtune' is deprecated and will be removed in a future release
configure:4262: $? = 0
configure:4262: result: yes
configure:4262: checking complex.h presence
configure:4262: icc -E  conftest.c
icc: remark #10441: The Intel(R) C++ Compiler Classic (ICC) is deprecated and will be removed from product release in the second half of 2023. The Intel(R) oneAPI DPC++/C++ Compiler (ICX) is the recommended compiler moving forward. Please transition to use this compiler. Use '-diag-disable=10441' to disable this message.
configure:4262: $? = 0
configure:4262: result: yes
configure:4262: checking for complex.h
configure:4262: result: yes
configure:4277: checking limits.h usability
configure:4277: icc -c -O3 -axCORE-AVX512 -mtune=icelake -ip -ipo  conftest.c >&5
icc: remark #10441: The Intel(R) C++ Compiler Classic (ICC) is deprecated and will be removed from product release in the second half of 2023. The Intel(R) oneAPI DPC++/C++ Compiler (ICX) is the recommended compiler moving forward. Please transition to use this compiler. Use '-diag-disable=10441' to disable this message.
icc: command line remark #10411: argument 'icelake' for option '-mtune' is deprecated and will be removed in a future release
configure:4277: $? = 0
configure:4277: result: yes
configure:4277: checking limits.h presence
configure:4277: icc -E  conftest.c
icc: remark #10441: The Intel(R) C++ Compiler Classic (ICC) is deprecated and will be removed from product release in the second half of 2023. The Intel(R) oneAPI DPC++/C++ Compiler (ICX) is the recommended compiler moving forward. Please transition to use this compiler. Use '-diag-disable=10441' to disable this message.
configure:4277: $? = 0
configure:4277: result: yes
configure:4277: checking for limits.h
configure:4277: result: yes
configure:4292: checking math.h usability
configure:4292: icc -c -O3 -axCORE-AVX512 -mtune=icelake -ip -ipo  conftest.c >&5
icc: remark #10441: The Intel(R) C++ Compiler Classic (ICC) is deprecated and will be removed from product release in the second half of 2023. The Intel(R) oneAPI DPC++/C++ Compiler (ICX) is the recommended compiler moving forward. Please transition to use this compiler. Use '-diag-disable=10441' to disable this message.
icc: command line remark #10411: argument 'icelake' for option '-mtune' is deprecated and will be removed in a future release
configure:4292: $? = 0
configure:4292: result: yes
configure:4292: checking math.h presence
configure:4292: icc -E  conftest.c
icc: remark #10441: The Intel(R) C++ Compiler Classic (ICC) is deprecated and will be removed from product release in the second half of 2023. The Intel(R) oneAPI DPC++/C++ Compiler (ICX) is the recommended compiler moving forward. Please transition to use this compiler. Use '-diag-disable=10441' to disable this message.
configure:4292: $? = 0
configure:4292: result: yes
configure:4292: checking for math.h
configure:4292: result: yes
configure:4307: checking openssl/md5.h usability
configure:4307: icc -c -O3 -axCORE-AVX512 -mtune=icelake -ip -ipo  conftest.c >&5
icc: remark #10441: The Intel(R) C++ Compiler Classic (ICC) is deprecated and will be removed from product release in the second half of 2023. The Intel(R) oneAPI DPC++/C++ Compiler (ICX) is the recommended compiler moving forward. Please transition to use this compiler. Use '-diag-disable=10441' to disable this message.
icc: command line remark #10411: argument 'icelake' for option '-mtune' is deprecated and will be removed in a future release
configure:4307: $? = 0
configure:4307: result: yes
configure:4307: checking openssl/md5.h presence
configure:4307: icc -E  conftest.c
icc: remark #10441: The Intel(R) C++ Compiler Classic (ICC) is deprecated and will be removed from product release in the second half of 2023. The Intel(R) oneAPI DPC++/C++ Compiler (ICX) is the recommended compiler moving forward. Please transition to use this compiler. Use '-diag-disable=10441' to disable this message.
configure:4307: $? = 0
configure:4307: result: yes
configure:4307: checking for openssl/md5.h
configure:4307: result: yes
configure:4331: checking stdio.h usability
configure:4331: icc -c -O3 -axCORE-AVX512 -mtune=icelake -ip -ipo  conftest.c >&5
icc: remark #10441: The Intel(R) C++ Compiler Classic (ICC) is deprecated and will be removed from product release in the second half of 2023. The Intel(R) oneAPI DPC++/C++ Compiler (ICX) is the recommended compiler moving forward. Please transition to use this compiler. Use '-diag-disable=10441' to disable this message.
icc: command line remark #10411: argument 'icelake' for option '-mtune' is deprecated and will be removed in a future release
configure:4331: $? = 0
configure:4331: result: yes
configure:4331: checking stdio.h presence
configure:4331: icc -E  conftest.c
icc: remark #10441: The Intel(R) C++ Compiler Classic (ICC) is deprecated and will be removed from product release in the second half of 2023. The Intel(R) oneAPI DPC++/C++ Compiler (ICX) is the recommended compiler moving forward. Please transition to use this compiler. Use '-diag-disable=10441' to disable this message.
configure:4331: $? = 0
configure:4331: result: yes
configure:4331: checking for stdio.h
configure:4331: result: yes
configure:4346: checking for stdlib.h
configure:4346: result: yes
configure:4361: checking time.h usability
configure:4361: icc -c -O3 -axCORE-AVX512 -mtune=icelake -ip -ipo  conftest.c >&5
icc: remark #10441: The Intel(R) C++ Compiler Classic (ICC) is deprecated and will be removed from product release in the second half of 2023. The Intel(R) oneAPI DPC++/C++ Compiler (ICX) is the recommended compiler moving forward. Please transition to use this compiler. Use '-diag-disable=10441' to disable this message.
icc: command line remark #10411: argument 'icelake' for option '-mtune' is deprecated and will be removed in a future release
configure:4361: $? = 0
configure:4361: result: yes
configure:4361: checking time.h presence
configure:4361: icc -E  conftest.c
icc: remark #10441: The Intel(R) C++ Compiler Classic (ICC) is deprecated and will be removed from product release in the second half of 2023. The Intel(R) oneAPI DPC++/C++ Compiler (ICX) is the recommended compiler moving forward. Please transition to use this compiler. Use '-diag-disable=10441' to disable this message.
configure:4361: $? = 0
configure:4361: result: yes
configure:4361: checking for time.h
configure:4361: result: yes
configure:4376: checking for library containing MD5_Init
configure:4407: icc -o conftest -O3 -axCORE-AVX512 -mtune=icelake -ip -ipo   conftest.c -ldl -lz -lc >&5
icc: remark #10441: The Intel(R) C++ Compiler Classic (ICC) is deprecated and will be removed from product release in the second half of 2023. The Intel(R) oneAPI DPC++/C++ Compiler (ICX) is the recommended compiler moving forward. Please transition to use this compiler. Use '-diag-disable=10441' to disable this message.
icc: command line remark #10411: argument 'icelake' for option '-mtune' is deprecated and will be removed in a future release
ipo: warning #11021: unresolved MD5_Init
        Referenced in /scratch_local/ipo_iccTmIXtJ.o
/scratch_local/ipo_iccTmIXtJ.o: In function `main':
ipo_out.c:(.text+0x2d): undefined reference to `MD5_Init'
configure:4407: $? = 1
configure: failed program was:
| /* confdefs.h */
| #define PACKAGE_NAME "yang_mills"
| #define PACKAGE_TARNAME "yang_mills"
| #define PACKAGE_VERSION "0.7.3"
| #define PACKAGE_STRING "yang_mills 0.7.3"
| #define PACKAGE_BUGREPORT "claudio.bonati82@gmail.com"
| #define PACKAGE_URL ""
| #define PACKAGE "yang_mills"
| #define VERSION "0.7.3"
| #define STDC_HEADERS 1
| #define HAVE_SYS_TYPES_H 1
| #define HAVE_SYS_STAT_H 1
| #define HAVE_STDLIB_H 1
| #define HAVE_STRING_H 1
| #define HAVE_MEMORY_H 1
| #define HAVE_STRINGS_H 1
| #define HAVE_INTTYPES_H 1
| #define HAVE_STDINT_H 1
| #define HAVE_UNISTD_H 1
| #define HAVE_COMPLEX_H 1
| #define HAVE_LIMITS_H 1
| #define HAVE_MATH_H 1
| #define HAVE_OPENSSL_MD5_H 1
| #define HAVE_STDIO_H 1
| #define HAVE_STDLIB_H 1
| #define HAVE_TIME_H 1
| /* end confdefs.h.  */
| 
| /* Override any GCC internal prototype to avoid an error.
|    Use char because int might match the return type of a GCC
|    builtin and then its argument prototype would still apply.  */
| #ifdef __cplusplus
| extern "C"
| #endif
| char MD5_Init ();
| int
| main ()
| {
| return MD5_Init ();
|   ;
|   return 0;
| }
configure:4407: icc -o conftest -O3 -axCORE-AVX512 -mtune=icelake -ip -ipo   conftest.c -lcrypto  -ldl -lz -lc >&5
icc: remark #10441: The Intel(R) C++ Compiler Classic (ICC) is deprecated and will be removed from product release in the second half of 2023. The Intel(R) oneAPI DPC++/C++ Compiler (ICX) is the recommended compiler moving forward. Please transition to use this compiler. Use '-diag-disable=10441' to disable this message.
icc: command line remark #10411: argument 'icelake' for option '-mtune' is deprecated and will be removed in a future release
configure:4407: $? = 0
configure:4424: result: -lcrypto
configure:4444: checking for library containing sqrt
configure:4475: icc -o conftest -O3 -axCORE-AVX512 -mtune=icelake -ip -ipo   conftest.c -lcrypto -ldl -lz -lc >&5
icc: remark #10441: The Intel(R) C++ Compiler Classic (ICC) is deprecated and will be removed from product release in the second half of 2023. The Intel(R) oneAPI DPC++/C++ Compiler (ICX) is the recommended compiler moving forward. Please transition to use this compiler. Use '-diag-disable=10441' to disable this message.
icc: command line remark #10411: argument 'icelake' for option '-mtune' is deprecated and will be removed in a future release
configure:4475: $? = 0
configure:4492: result: none required
configure:4508: checking for inline
configure:4524: icc -c -O3 -axCORE-AVX512 -mtune=icelake -ip -ipo  conftest.c >&5
icc: remark #10441: The Intel(R) C++ Compiler Classic (ICC) is deprecated and will be removed from product release in the second half of 2023. The Intel(R) oneAPI DPC++/C++ Compiler (ICX) is the recommended compiler moving forward. Please transition to use this compiler. Use '-diag-disable=10441' to disable this message.
icc: command line remark #10411: argument 'icelake' for option '-mtune' is deprecated and will be removed in a future release
configure:4524: $? = 0
configure:4532: result: inline
configure:4550: checking for uint32_t
configure:4550: icc -c -O3 -axCORE-AVX512 -mtune=icelake -ip -ipo  conftest.c >&5
icc: remark #10441: The Intel(R) C++ Compiler Classic (ICC) is deprecated and will be removed from product release in the second half of 2023. The Intel(R) oneAPI DPC++/C++ Compiler (ICX) is the recommended compiler moving forward. Please transition to use this compiler. Use '-diag-disable=10441' to disable this message.
icc: command line remark #10411: argument 'icelake' for option '-mtune' is deprecated and will be removed in a future release
configure:4550: $? = 0
configure:4550: result: yes
configure:4564: checking for uint64_t
configure:4564: icc -c -O3 -axCORE-AVX512 -mtune=icelake -ip -ipo  conftest.c >&5
icc: remark #10441: The Intel(R) C++ Compiler Classic (ICC) is deprecated and will be removed from product release in the second half of 2023. The Intel(R) oneAPI DPC++/C++ Compiler (ICX) is the recommended compiler moving forward. Please transition to use this compiler. Use '-diag-disable=10441' to disable this message.
icc: command line remark #10411: argument 'icelake' for option '-mtune' is deprecated and will be removed in a future release
configure:4564: $? = 0
configure:4564: result: yes
configure:4611: checking for icc option to support OpenMP
configure:4626: icc -o conftest -O3 -axCORE-AVX512 -mtune=icelake -ip -ipo   conftest.c -lcrypto -ldl -lz -lc >&5
icc: remark #10441: The Intel(R) C++ Compiler Classic (ICC) is deprecated and will be removed from product release in the second half of 2023. The Intel(R) oneAPI DPC++/C++ Compiler (ICX) is the recommended compiler moving forward. Please transition to use this compiler. Use '-diag-disable=10441' to disable this message.
icc: command line remark #10411: argument 'icelake' for option '-mtune' is deprecated and will be removed in a future release
conftest.c(30): error: identifier "choke" is undefined
   choke me
   ^

In file included from /usr/include/stdlib.h(31),
                 from /leonardo/prod/spack/03/install/0.19/linux-rhel8-icelake/gcc-8.5.0/intel-oneapi-compilers-2023.0.0-ad24mh4soaclwr7gkzad65dglmi5ideg/compiler/2023.0.0/linux/bin/intel64/../../compiler/include/omp.h(19),
                 from conftest.c(32):
/leonardo/prod/spack/03/install/0.19/linux-rhel8-icelake/gcc-8.5.0/intel-oneapi-compilers-2023.0.0-ad24mh4soaclwr7gkzad65dglmi5ideg/compiler/2023.0.0/linux/bin/intel64/../../compiler/include/icc/stddef.h(35): error: expected a ";"
  typedef __PTRDIFF_TYPE__ ptrdiff_t;
  ^

compilation aborted for conftest.c (code 2)
configure:4626: $? = 2
configure: failed program was:
| /* confdefs.h */
| #define PACKAGE_NAME "yang_mills"
| #define PACKAGE_TARNAME "yang_mills"
| #define PACKAGE_VERSION "0.7.3"
| #define PACKAGE_STRING "yang_mills 0.7.3"
| #define PACKAGE_BUGREPORT "claudio.bonati82@gmail.com"
| #define PACKAGE_URL ""
| #define PACKAGE "yang_mills"
| #define VERSION "0.7.3"
| #define STDC_HEADERS 1
| #define HAVE_SYS_TYPES_H 1
| #define HAVE_SYS_STAT_H 1
| #define HAVE_STDLIB_H 1
| #define HAVE_STRING_H 1
| #define HAVE_MEMORY_H 1
| #define HAVE_STRINGS_H 1
| #define HAVE_INTTYPES_H 1
| #define HAVE_STDINT_H 1
| #define HAVE_UNISTD_H 1
| #define HAVE_COMPLEX_H 1
| #define HAVE_LIMITS_H 1
| #define HAVE_MATH_H 1
| #define HAVE_OPENSSL_MD5_H 1
| #define HAVE_STDIO_H 1
| #define HAVE_STDLIB_H 1
| #define HAVE_TIME_H 1
| /* end confdefs.h.  */
| 
| #ifndef _OPENMP
|  choke me
| #endif
| #include <omp.h>
| int main () { return omp_get_num_threads (); }
| 
configure:4644: icc -o conftest -O3 -axCORE-AVX512 -mtune=icelake -ip -ipo -fopenmp   conftest.c -lcrypto -ldl -lz -lc >&5
icc: remark #10441: The Intel(R) C++ Compiler Classic (ICC) is deprecated and will be removed from product release in the second half of 2023. The Intel(R) oneAPI DPC++/C++ Compiler (ICX) is the recommended compiler moving forward. Please transition to use this compiler. Use '-diag-disable=10441' to disable this message.
icc: command line remark #10411: argument 'icelake' for option '-mtune' is deprecated and will be removed in a future release
configure:4644: $? = 0
configure:4658: result: -fopenmp
configure:4673: checking omp.h usability
configure:4673: icc -c -O3 -axCORE-AVX512 -mtune=icelake -ip -ipo  conftest.c >&5
icc: remark #10441: The Intel(R) C++ Compiler Classic (ICC) is deprecated and will be removed from product release in the second half of 2023. The Intel(R) oneAPI DPC++/C++ Compiler (ICX) is the recommended compiler moving forward. Please transition to use this compiler. Use '-diag-disable=10441' to disable this message.
icc: command line remark #10411: argument 'icelake' for option '-mtune' is deprecated and will be removed in a future release
configure:4673: $? = 0
configure:4673: result: yes
configure:4673: checking omp.h presence
configure:4673: icc -E  conftest.c
icc: remark #10441: The Intel(R) C++ Compiler Classic (ICC) is deprecated and will be removed from product release in the second half of 2023. The Intel(R) oneAPI DPC++/C++ Compiler (ICX) is the recommended compiler moving forward. Please transition to use this compiler. Use '-diag-disable=10441' to disable this message.
configure:4673: $? = 0
configure:4673: result: yes
configure:4673: checking for omp.h
configure:4673: result: yes
configure:4948: checking that generated files are newer than configure
configure:4954: result: done
configure:4981: creating ./config.status

## ---------------------- ##
## Running config.status. ##
## ---------------------- ##

This file was extended by yang_mills config.status 0.7.3, which was
generated by GNU Autoconf 2.69.  Invocation command line was

  CONFIG_FILES    = 
  CONFIG_HEADERS  = 
  CONFIG_LINKS    = 
  CONFIG_COMMANDS = 
  $ ./config.status 

on login02.leonardo.local

config.status:873: creating Makefile
config.status:873: creating config.h
config.status:1054: config.h is unchanged
config.status:1102: executing depfiles commands
config.status:1179: cd .       && sed -e '/# am--include-marker/d' Makefile         | make -f - am--depfiles
make: Nothing to be done for 'am--depfiles'.
config.status:1184: $? = 0

## ---------------- ##
## Cache variables. ##
## ---------------- ##

ac_cv_c_compiler_gnu=yes
ac_cv_c_inline=inline
ac_cv_c_uint32_t=yes
ac_cv_c_uint64_t=yes
ac_cv_env_CC_set=set
ac_cv_env_CC_value=icc
ac_cv_env_CFLAGS_set=set
ac_cv_env_CFLAGS_value='-O3 -axCORE-AVX512 -mtune=icelake -ip -ipo'
ac_cv_env_CPPFLAGS_set=
ac_cv_env_CPPFLAGS_value=
ac_cv_env_CPP_set=
ac_cv_env_CPP_value=
ac_cv_env_LDFLAGS_set=
ac_cv_env_LDFLAGS_value=
ac_cv_env_LIBS_set=set
ac_cv_env_LIBS_value='-ldl -lz -lc'
ac_cv_env_N_c_set=set
ac_cv_env_N_c_value=3
ac_cv_env_Num_levels_set=set
ac_cv_env_Num_levels_value=1
ac_cv_env_Num_threads_set=set
ac_cv_env_Num_threads_value=32
ac_cv_env_ST_dim_set=set
ac_cv_env_ST_dim_value=4
ac_cv_env_build_alias_set=
ac_cv_env_build_alias_value=
ac_cv_env_host_alias_set=
ac_cv_env_host_alias_value=
ac_cv_env_target_alias_set=
ac_cv_env_target_alias_value=
ac_cv_header_complex_h=yes
ac_cv_header_inttypes_h=yes
ac_cv_header_limits_h=yes
ac_cv_header_math_h=yes
ac_cv_header_memory_h=yes
ac_cv_header_omp_h=yes
ac_cv_header_openssl_md5_h=yes
ac_cv_header_stdc=yes
ac_cv_header_stdint_h=yes
ac_cv_header_stdio_h=yes
ac_cv_header_stdlib_h=yes
ac_cv_header_string_h=yes
ac_cv_header_strings_h=yes
ac_cv_header_sys_stat_h=yes
ac_cv_header_sys_types_h=yes
ac_cv_header_time_h=yes
ac_cv_header_unistd_h=yes
ac_cv_objext=o
ac_cv_path_EGREP='/usr/bin/grep -E'
ac_cv_path_GREP=/usr/bin/grep
ac_cv_path_install='/usr/bin/install -c'
ac_cv_path_mkdir=/usr/bin/mkdir
ac_cv_prog_AWK=gawk
ac_cv_prog_CPP='icc -E'
ac_cv_prog_ac_ct_CC=icc
ac_cv_prog_c_openmp=-fopenmp
ac_cv_prog_cc_c89=
ac_cv_prog_cc_g=yes
ac_cv_prog_make_make_set=yes
ac_cv_search_MD5_Init=-lcrypto
ac_cv_search_sqrt='none required'
am_cv_CC_dependencies_compiler_type=gcc3
am_cv_make_support_nested_variables=yes
am_cv_prog_cc_c_o=yes

## ----------------- ##
## Output variables. ##
## ----------------- ##

ACLOCAL='${SHELL} /leonardo/home/userexternal/agiorgie/programs/yang_mills_PTBC/missing aclocal-1.16'
AMDEPBACKSLASH='\'
AMDEP_FALSE='#'
AMDEP_TRUE=''
AMTAR='$${TAR-tar}'
AM_BACKSLASH='\'
AM_DEFAULT_V='$(AM_DEFAULT_VERBOSITY)'
AM_DEFAULT_VERBOSITY='1'
AM_V='$(V)'
AUTOCONF='${SHELL} /leonardo/home/userexternal/agiorgie/programs/yang_mills_PTBC/missing autoconf'
AUTOHEADER='${SHELL} /leonardo/home/userexternal/agiorgie/programs/yang_mills_PTBC/missing autoheader'
AUTOMAKE='${SHELL} /leonardo/home/userexternal/agiorgie/programs/yang_mills_PTBC/missing automake-1.16'
AWK='gawk'
CC='icc'
CCDEPMODE='depmode=gcc3'
CFLAGS='-O3 -axCORE-AVX512 -mtune=icelake -ip -ipo'
CPP='icc -E'
CPPFLAGS=''
CRYPTO_COMPILATION_FALSE='#'
CRYPTO_COMPILATION_TRUE=''
CYGPATH_W='echo'
DEFS='-DHAVE_CONFIG_H'
DEPDIR='.deps'
ECHO_C=''
ECHO_N='-n'
ECHO_T=''
EGREP='/usr/bin/grep -E'
EXEEXT=''
GREP='/usr/bin/grep'
INSTALL_DATA='${INSTALL} -m 644'
INSTALL_PROGRAM='${INSTALL}'
INSTALL_SCRIPT='${INSTALL}'
INSTALL_STRIP_PROGRAM='$(install_sh) -c -s'
LDFLAGS=''
LIBOBJS=''
LIBS='-lcrypto -ldl -lz -lc'
LTLIBOBJS=''
MAKEINFO='${SHELL} /leonardo/home/userexternal/agiorgie/programs/yang_mills_PTBC/missing makeinfo'
MKDIR_P='/usr/bin/mkdir -p'
N_c='3'
Num_levels='1'
Num_threads='32'
OBJEXT='o'
OPENMP_CFLAGS='-fopenmp'
PACKAGE='yang_mills'
PACKAGE_BUGREPORT='claudio.bonati82@gmail.com'
PACKAGE_NAME='yang_mills'
PACKAGE_STRING='yang_mills 0.7.3'
PACKAGE_TARNAME='yang_mills'
PACKAGE_URL=''
PACKAGE_VERSION='0.7.3'
PATH_SEPARATOR=':'
SET_MAKE=''
SHELL='/bin/sh'
STRIP=''
ST_dim='4'
VERSION='0.7.3'
ac_ct_CC='icc'
am__EXEEXT_FALSE=''
am__EXEEXT_TRUE='#'
am__fastdepCC_FALSE='#'
am__fastdepCC_TRUE=''
am__include='include'
am__isrc=''
am__leading_dot='.'
am__nodep='_no'
am__quote=''
am__tar='$${TAR-tar} chof - "$$tardir"'
am__untar='$${TAR-tar} xf -'
bindir='${exec_prefix}/bin'
build_alias=''
datadir='${datarootdir}'
datarootdir='${prefix}/share'
docdir='${datarootdir}/doc/${PACKAGE_TARNAME}'
dvidir='${docdir}'
exec_prefix='${prefix}'
host_alias=''
htmldir='${docdir}'
includedir='${prefix}/include'
infodir='${datarootdir}/info'
install_sh='${SHELL} /leonardo/home/userexternal/agiorgie/programs/yang_mills_PTBC/install-sh'
libdir='${exec_prefix}/lib'
libexecdir='${exec_prefix}/libexec'
localedir='${datarootdir}/locale'
localstatedir='${prefix}/var'
mandir='${datarootdir}/man'
mkdir_p='$(MKDIR_P)'
oldincludedir='/usr/include'
pdfdir='${docdir}'
prefix='/usr/local'
program_transform_name='s,x,x,'
psdir='${docdir}'
sbindir='${exec_prefix}/sbin'
sharedstatedir='${prefix}/com'
sysconfdir='${prefix}/etc'
target_alias=''

## ----------- ##
## confdefs.h. ##
## ----------- ##

/* confdefs.h */
#define PACKAGE_NAME "yang_mills"
#define PACKAGE_TARNAME "yang_mills"
#define PACKAGE_VERSION "0.7.3"
#define PACKAGE_STRING "yang_mills 0.7.3"
#define PACKAGE_BUGREPORT "claudio.bonati82@gmail.com"
#define PACKAGE_URL ""
#define PACKAGE "yang_mills"
#define VERSION "0.7.3"
#define STDC_HEADERS 1
#define HAVE_SYS_TYPES_H 1
#define HAVE_SYS_STAT_H 1
#define HAVE_STDLIB_H 1
#define HAVE_STRING_H 1
#define HAVE_MEMORY_H 1
#define HAVE_STRINGS_H 1
#define HAVE_INTTYPES_H 1
#define HAVE_STDINT_H 1
#define HAVE_UNISTD_H 1
#define HAVE_COMPLEX_H 1
#define HAVE_LIMITS_H 1
#define HAVE_MATH_H 1
#define HAVE_OPENSSL_MD5_H 1
#define HAVE_STDIO_H 1
#define HAVE_STDLIB_H 1
#define HAVE_TIME_H 1
#define HAVE_OMP_H 1
#define HASH_MODE /**/
#define OPENMP_MODE /**/
#define NCOLOR 3
#define NLEVELS 1
#define NTHREADS 32
#define STDIM 4

configure: exit 0
